<?xml version="1.0" encoding="UTF-8"?>
<testsuite xmlns:xsi="http://www.w3.org/2001/XMLSchema-instance" xsi:noNamespaceSchemaLocation="https://maven.apache.org/surefire/maven-surefire-plugin/xsd/surefire-test-report.xsd" version="3.0.2" name="com.email.writer.EmailWriterSbApplicationTests" time="2.148" tests="1" errors="0" skipped="0" failures="0">
  <properties>
    <property name="java.specification.version" value="22"/>
    <property name="sun.jnu.encoding" value="UTF-8"/>
    <property name="java.class.path" value="/home/sarvatra.in/tushar.sharma/Downloads/projects/ai-email-writer/ai-email-writer-sb/target/test-classes:/home/sarvatra.in/tushar.sharma/Downloads/projects/ai-email-writer/ai-email-writer-sb/target/classes:/home/sarvatra.in/tushar.sharma/.m2/repository/org/springframework/boot/spring-boot-starter-web/3.4.1/spring-boot-starter-web-3.4.1.jar:/home/sarvatra.in/tushar.sharma/.m2/repository/org/springframework/boot/spring-boot-starter/3.4.1/spring-boot-starter-3.4.1.jar:/home/sarvatra.in/tushar.sharma/.m2/repository/org/springframework/boot/spring-boot/3.4.1/spring-boot-3.4.1.jar:/home/sarvatra.in/tushar.sharma/.m2/repository/org/springframework/boot/spring-boot-autoconfigure/3.4.1/spring-boot-autoconfigure-3.4.1.jar:/home/sarvatra.in/tushar.sharma/.m2/repository/org/springframework/boot/spring-boot-starter-logging/3.4.1/spring-boot-starter-logging-3.4.1.jar:/home/sarvatra.in/tushar.sharma/.m2/repository/ch/qos/logback/logback-classic/1.5.12/logback-classic-1.5.12.jar:/home/sarvatra.in/tushar.sharma/.m2/repository/ch/qos/logback/logback-core/1.5.12/logback-core-1.5.12.jar:/home/sarvatra.in/tushar.sharma/.m2/repository/org/apache/logging/log4j/log4j-to-slf4j/2.24.3/log4j-to-slf4j-2.24.3.jar:/home/sarvatra.in/tushar.sharma/.m2/repository/org/apache/logging/log4j/log4j-api/2.24.3/log4j-api-2.24.3.jar:/home/sarvatra.in/tushar.sharma/.m2/repository/org/slf4j/jul-to-slf4j/2.0.16/jul-to-slf4j-2.0.16.jar:/home/sarvatra.in/tushar.sharma/.m2/repository/jakarta/annotation/jakarta.annotation-api/2.1.1/jakarta.annotation-api-2.1.1.jar:/home/sarvatra.in/tushar.sharma/.m2/repository/org/yaml/snakeyaml/2.3/snakeyaml-2.3.jar:/home/sarvatra.in/tushar.sharma/.m2/repository/org/springframework/boot/spring-boot-starter-json/3.4.1/spring-boot-starter-json-3.4.1.jar:/home/sarvatra.in/tushar.sharma/.m2/repository/com/fasterxml/jackson/core/jackson-databind/2.18.2/jackson-databind-2.18.2.jar:/home/sarvatra.in/tushar.sharma/.m2/repository/com/fasterxml/jackson/core/jackson-annotations/2.18.2/jackson-annotations-2.18.2.jar:/home/sarvatra.in/tushar.sharma/.m2/repository/com/fasterxml/jackson/core/jackson-core/2.18.2/jackson-core-2.18.2.jar:/home/sarvatra.in/tushar.sharma/.m2/repository/com/fasterxml/jackson/datatype/jackson-datatype-jdk8/2.18.2/jackson-datatype-jdk8-2.18.2.jar:/home/sarvatra.in/tushar.sharma/.m2/repository/com/fasterxml/jackson/datatype/jackson-datatype-jsr310/2.18.2/jackson-datatype-jsr310-2.18.2.jar:/home/sarvatra.in/tushar.sharma/.m2/repository/com/fasterxml/jackson/module/jackson-module-parameter-names/2.18.2/jackson-module-parameter-names-2.18.2.jar:/home/sarvatra.in/tushar.sharma/.m2/repository/org/springframework/boot/spring-boot-starter-tomcat/3.4.1/spring-boot-starter-tomcat-3.4.1.jar:/home/sarvatra.in/tushar.sharma/.m2/repository/org/apache/tomcat/embed/tomcat-embed-core/10.1.34/tomcat-embed-core-10.1.34.jar:/home/sarvatra.in/tushar.sharma/.m2/repository/org/apache/tomcat/embed/tomcat-embed-el/10.1.34/tomcat-embed-el-10.1.34.jar:/home/sarvatra.in/tushar.sharma/.m2/repository/org/apache/tomcat/embed/tomcat-embed-websocket/10.1.34/tomcat-embed-websocket-10.1.34.jar:/home/sarvatra.in/tushar.sharma/.m2/repository/org/springframework/spring-web/6.2.1/spring-web-6.2.1.jar:/home/sarvatra.in/tushar.sharma/.m2/repository/org/springframework/spring-beans/6.2.1/spring-beans-6.2.1.jar:/home/sarvatra.in/tushar.sharma/.m2/repository/io/micrometer/micrometer-observation/1.14.2/micrometer-observation-1.14.2.jar:/home/sarvatra.in/tushar.sharma/.m2/repository/io/micrometer/micrometer-commons/1.14.2/micrometer-commons-1.14.2.jar:/home/sarvatra.in/tushar.sharma/.m2/repository/org/springframework/spring-webmvc/6.2.1/spring-webmvc-6.2.1.jar:/home/sarvatra.in/tushar.sharma/.m2/repository/org/springframework/spring-aop/6.2.1/spring-aop-6.2.1.jar:/home/sarvatra.in/tushar.sharma/.m2/repository/org/springframework/spring-context/6.2.1/spring-context-6.2.1.jar:/home/sarvatra.in/tushar.sharma/.m2/repository/org/springframework/spring-expression/6.2.1/spring-expression-6.2.1.jar:/home/sarvatra.in/tushar.sharma/.m2/repository/org/projectlombok/lombok/1.18.36/lombok-1.18.36.jar:/home/sarvatra.in/tushar.sharma/.m2/repository/org/springframework/boot/spring-boot-starter-test/3.4.1/spring-boot-starter-test-3.4.1.jar:/home/sarvatra.in/tushar.sharma/.m2/repository/org/springframework/boot/spring-boot-test/3.4.1/spring-boot-test-3.4.1.jar:/home/sarvatra.in/tushar.sharma/.m2/repository/org/springframework/boot/spring-boot-test-autoconfigure/3.4.1/spring-boot-test-autoconfigure-3.4.1.jar:/home/sarvatra.in/tushar.sharma/.m2/repository/com/jayway/jsonpath/json-path/2.9.0/json-path-2.9.0.jar:/home/sarvatra.in/tushar.sharma/.m2/repository/org/slf4j/slf4j-api/2.0.16/slf4j-api-2.0.16.jar:/home/sarvatra.in/tushar.sharma/.m2/repository/jakarta/xml/bind/jakarta.xml.bind-api/4.0.2/jakarta.xml.bind-api-4.0.2.jar:/home/sarvatra.in/tushar.sharma/.m2/repository/jakarta/activation/jakarta.activation-api/2.1.3/jakarta.activation-api-2.1.3.jar:/home/sarvatra.in/tushar.sharma/.m2/repository/net/minidev/json-smart/2.5.1/json-smart-2.5.1.jar:/home/sarvatra.in/tushar.sharma/.m2/repository/net/minidev/accessors-smart/2.5.1/accessors-smart-2.5.1.jar:/home/sarvatra.in/tushar.sharma/.m2/repository/org/ow2/asm/asm/9.6/asm-9.6.jar:/home/sarvatra.in/tushar.sharma/.m2/repository/org/assertj/assertj-core/3.26.3/assertj-core-3.26.3.jar:/home/sarvatra.in/tushar.sharma/.m2/repository/net/bytebuddy/byte-buddy/1.15.11/byte-buddy-1.15.11.jar:/home/sarvatra.in/tushar.sharma/.m2/repository/org/awaitility/awaitility/4.2.2/awaitility-4.2.2.jar:/home/sarvatra.in/tushar.sharma/.m2/repository/org/hamcrest/hamcrest/2.2/hamcrest-2.2.jar:/home/sarvatra.in/tushar.sharma/.m2/repository/org/junit/jupiter/junit-jupiter/5.11.4/junit-jupiter-5.11.4.jar:/home/sarvatra.in/tushar.sharma/.m2/repository/org/junit/jupiter/junit-jupiter-api/5.11.4/junit-jupiter-api-5.11.4.jar:/home/sarvatra.in/tushar.sharma/.m2/repository/org/opentest4j/opentest4j/1.3.0/opentest4j-1.3.0.jar:/home/sarvatra.in/tushar.sharma/.m2/repository/org/junit/platform/junit-platform-commons/1.11.4/junit-platform-commons-1.11.4.jar:/home/sarvatra.in/tushar.sharma/.m2/repository/org/apiguardian/apiguardian-api/1.1.2/apiguardian-api-1.1.2.jar:/home/sarvatra.in/tushar.sharma/.m2/repository/org/junit/jupiter/junit-jupiter-params/5.11.4/junit-jupiter-params-5.11.4.jar:/home/sarvatra.in/tushar.sharma/.m2/repository/org/junit/jupiter/junit-jupiter-engine/5.11.4/junit-jupiter-engine-5.11.4.jar:/home/sarvatra.in/tushar.sharma/.m2/repository/org/junit/platform/junit-platform-engine/1.11.4/junit-platform-engine-1.11.4.jar:/home/sarvatra.in/tushar.sharma/.m2/repository/org/mockito/mockito-core/5.14.2/mockito-core-5.14.2.jar:/home/sarvatra.in/tushar.sharma/.m2/repository/net/bytebuddy/byte-buddy-agent/1.15.11/byte-buddy-agent-1.15.11.jar:/home/sarvatra.in/tushar.sharma/.m2/repository/org/objenesis/objenesis/3.3/objenesis-3.3.jar:/home/sarvatra.in/tushar.sharma/.m2/repository/org/mockito/mockito-junit-jupiter/5.14.2/mockito-junit-jupiter-5.14.2.jar:/home/sarvatra.in/tushar.sharma/.m2/repository/org/skyscreamer/jsonassert/1.5.3/jsonassert-1.5.3.jar:/home/sarvatra.in/tushar.sharma/.m2/repository/com/vaadin/external/google/android-json/0.0.20131108.vaadin1/android-json-0.0.20131108.vaadin1.jar:/home/sarvatra.in/tushar.sharma/.m2/repository/org/springframework/spring-core/6.2.1/spring-core-6.2.1.jar:/home/sarvatra.in/tushar.sharma/.m2/repository/org/springframework/spring-jcl/6.2.1/spring-jcl-6.2.1.jar:/home/sarvatra.in/tushar.sharma/.m2/repository/org/springframework/spring-test/6.2.1/spring-test-6.2.1.jar:/home/sarvatra.in/tushar.sharma/.m2/repository/org/xmlunit/xmlunit-core/2.10.0/xmlunit-core-2.10.0.jar:/home/sarvatra.in/tushar.sharma/.m2/repository/org/springframework/boot/spring-boot-starter-webflux/3.4.1/spring-boot-starter-webflux-3.4.1.jar:/home/sarvatra.in/tushar.sharma/.m2/repository/org/springframework/boot/spring-boot-starter-reactor-netty/3.4.1/spring-boot-starter-reactor-netty-3.4.1.jar:/home/sarvatra.in/tushar.sharma/.m2/repository/io/projectreactor/netty/reactor-netty-http/1.2.1/reactor-netty-http-1.2.1.jar:/home/sarvatra.in/tushar.sharma/.m2/repository/io/netty/netty-codec-http/4.1.116.Final/netty-codec-http-4.1.116.Final.jar:/home/sarvatra.in/tushar.sharma/.m2/repository/io/netty/netty-common/4.1.116.Final/netty-common-4.1.116.Final.jar:/home/sarvatra.in/tushar.sharma/.m2/repository/io/netty/netty-buffer/4.1.116.Final/netty-buffer-4.1.116.Final.jar:/home/sarvatra.in/tushar.sharma/.m2/repository/io/netty/netty-transport/4.1.116.Final/netty-transport-4.1.116.Final.jar:/home/sarvatra.in/tushar.sharma/.m2/repository/io/netty/netty-codec/4.1.116.Final/netty-codec-4.1.116.Final.jar:/home/sarvatra.in/tushar.sharma/.m2/repository/io/netty/netty-handler/4.1.116.Final/netty-handler-4.1.116.Final.jar:/home/sarvatra.in/tushar.sharma/.m2/repository/io/netty/netty-codec-http2/4.1.116.Final/netty-codec-http2-4.1.116.Final.jar:/home/sarvatra.in/tushar.sharma/.m2/repository/io/netty/netty-resolver-dns/4.1.116.Final/netty-resolver-dns-4.1.116.Final.jar:/home/sarvatra.in/tushar.sharma/.m2/repository/io/netty/netty-resolver/4.1.116.Final/netty-resolver-4.1.116.Final.jar:/home/sarvatra.in/tushar.sharma/.m2/repository/io/netty/netty-codec-dns/4.1.116.Final/netty-codec-dns-4.1.116.Final.jar:/home/sarvatra.in/tushar.sharma/.m2/repository/io/netty/netty-resolver-dns-native-macos/4.1.116.Final/netty-resolver-dns-native-macos-4.1.116.Final-osx-x86_64.jar:/home/sarvatra.in/tushar.sharma/.m2/repository/io/netty/netty-resolver-dns-classes-macos/4.1.116.Final/netty-resolver-dns-classes-macos-4.1.116.Final.jar:/home/sarvatra.in/tushar.sharma/.m2/repository/io/netty/netty-transport-native-epoll/4.1.116.Final/netty-transport-native-epoll-4.1.116.Final-linux-x86_64.jar:/home/sarvatra.in/tushar.sharma/.m2/repository/io/netty/netty-transport-native-unix-common/4.1.116.Final/netty-transport-native-unix-common-4.1.116.Final.jar:/home/sarvatra.in/tushar.sharma/.m2/repository/io/netty/netty-transport-classes-epoll/4.1.116.Final/netty-transport-classes-epoll-4.1.116.Final.jar:/home/sarvatra.in/tushar.sharma/.m2/repository/io/projectreactor/netty/reactor-netty-core/1.2.1/reactor-netty-core-1.2.1.jar:/home/sarvatra.in/tushar.sharma/.m2/repository/io/netty/netty-handler-proxy/4.1.116.Final/netty-handler-proxy-4.1.116.Final.jar:/home/sarvatra.in/tushar.sharma/.m2/repository/io/netty/netty-codec-socks/4.1.116.Final/netty-codec-socks-4.1.116.Final.jar:/home/sarvatra.in/tushar.sharma/.m2/repository/org/springframework/spring-webflux/6.2.1/spring-webflux-6.2.1.jar:/home/sarvatra.in/tushar.sharma/.m2/repository/io/projectreactor/reactor-test/3.7.1/reactor-test-3.7.1.jar:/home/sarvatra.in/tushar.sharma/.m2/repository/io/projectreactor/reactor-core/3.7.1/reactor-core-3.7.1.jar:/home/sarvatra.in/tushar.sharma/.m2/repository/org/reactivestreams/reactive-streams/1.0.4/reactive-streams-1.0.4.jar:"/>
    <property name="java.vm.vendor" value="Oracle Corporation"/>
    <property name="sun.arch.data.model" value="64"/>
    <property name="java.vendor.url" value="https://java.oracle.com/"/>
    <property name="user.timezone" value="Asia/Kolkata"/>
    <property name="os.name" value="Linux"/>
    <property name="java.vm.specification.version" value="22"/>
    <property name="APPLICATION_NAME" value="email-writer-sb"/>
    <property name="sun.java.launcher" value="SUN_STANDARD"/>
    <property name="user.country" value="IN"/>
    <property name="sun.boot.library.path" value="/home/sarvatra.in/tushar.sharma/.sdkman/candidates/java/22.0.2-oracle/lib"/>
    <property name="sun.java.command" value="/home/sarvatra.in/tushar.sharma/Downloads/projects/ai-email-writer/ai-email-writer-sb/target/surefire/surefirebooter-20250404153853825_3.jar /home/sarvatra.in/tushar.sharma/Downloads/projects/ai-email-writer/ai-email-writer-sb/target/surefire 2025-04-04T15-38-53_774-jvmRun1 surefire-20250404153853825_1tmp surefire_0-20250404153853825_2tmp"/>
    <property name="jdk.debug" value="release"/>
    <property name="surefire.test.class.path" value="/home/sarvatra.in/tushar.sharma/Downloads/projects/ai-email-writer/ai-email-writer-sb/target/test-classes:/home/sarvatra.in/tushar.sharma/Downloads/projects/ai-email-writer/ai-email-writer-sb/target/classes:/home/sarvatra.in/tushar.sharma/.m2/repository/org/springframework/boot/spring-boot-starter-web/3.4.1/spring-boot-starter-web-3.4.1.jar:/home/sarvatra.in/tushar.sharma/.m2/repository/org/springframework/boot/spring-boot-starter/3.4.1/spring-boot-starter-3.4.1.jar:/home/sarvatra.in/tushar.sharma/.m2/repository/org/springframework/boot/spring-boot/3.4.1/spring-boot-3.4.1.jar:/home/sarvatra.in/tushar.sharma/.m2/repository/org/springframework/boot/spring-boot-autoconfigure/3.4.1/spring-boot-autoconfigure-3.4.1.jar:/home/sarvatra.in/tushar.sharma/.m2/repository/org/springframework/boot/spring-boot-starter-logging/3.4.1/spring-boot-starter-logging-3.4.1.jar:/home/sarvatra.in/tushar.sharma/.m2/repository/ch/qos/logback/logback-classic/1.5.12/logback-classic-1.5.12.jar:/home/sarvatra.in/tushar.sharma/.m2/repository/ch/qos/logback/logback-core/1.5.12/logback-core-1.5.12.jar:/home/sarvatra.in/tushar.sharma/.m2/repository/org/apache/logging/log4j/log4j-to-slf4j/2.24.3/log4j-to-slf4j-2.24.3.jar:/home/sarvatra.in/tushar.sharma/.m2/repository/org/apache/logging/log4j/log4j-api/2.24.3/log4j-api-2.24.3.jar:/home/sarvatra.in/tushar.sharma/.m2/repository/org/slf4j/jul-to-slf4j/2.0.16/jul-to-slf4j-2.0.16.jar:/home/sarvatra.in/tushar.sharma/.m2/repository/jakarta/annotation/jakarta.annotation-api/2.1.1/jakarta.annotation-api-2.1.1.jar:/home/sarvatra.in/tushar.sharma/.m2/repository/org/yaml/snakeyaml/2.3/snakeyaml-2.3.jar:/home/sarvatra.in/tushar.sharma/.m2/repository/org/springframework/boot/spring-boot-starter-json/3.4.1/spring-boot-starter-json-3.4.1.jar:/home/sarvatra.in/tushar.sharma/.m2/repository/com/fasterxml/jackson/core/jackson-databind/2.18.2/jackson-databind-2.18.2.jar:/home/sarvatra.in/tushar.sharma/.m2/repository/com/fasterxml/jackson/core/jackson-annotations/2.18.2/jackson-annotations-2.18.2.jar:/home/sarvatra.in/tushar.sharma/.m2/repository/com/fasterxml/jackson/core/jackson-core/2.18.2/jackson-core-2.18.2.jar:/home/sarvatra.in/tushar.sharma/.m2/repository/com/fasterxml/jackson/datatype/jackson-datatype-jdk8/2.18.2/jackson-datatype-jdk8-2.18.2.jar:/home/sarvatra.in/tushar.sharma/.m2/repository/com/fasterxml/jackson/datatype/jackson-datatype-jsr310/2.18.2/jackson-datatype-jsr310-2.18.2.jar:/home/sarvatra.in/tushar.sharma/.m2/repository/com/fasterxml/jackson/module/jackson-module-parameter-names/2.18.2/jackson-module-parameter-names-2.18.2.jar:/home/sarvatra.in/tushar.sharma/.m2/repository/org/springframework/boot/spring-boot-starter-tomcat/3.4.1/spring-boot-starter-tomcat-3.4.1.jar:/home/sarvatra.in/tushar.sharma/.m2/repository/org/apache/tomcat/embed/tomcat-embed-core/10.1.34/tomcat-embed-core-10.1.34.jar:/home/sarvatra.in/tushar.sharma/.m2/repository/org/apache/tomcat/embed/tomcat-embed-el/10.1.34/tomcat-embed-el-10.1.34.jar:/home/sarvatra.in/tushar.sharma/.m2/repository/org/apache/tomcat/embed/tomcat-embed-websocket/10.1.34/tomcat-embed-websocket-10.1.34.jar:/home/sarvatra.in/tushar.sharma/.m2/repository/org/springframework/spring-web/6.2.1/spring-web-6.2.1.jar:/home/sarvatra.in/tushar.sharma/.m2/repository/org/springframework/spring-beans/6.2.1/spring-beans-6.2.1.jar:/home/sarvatra.in/tushar.sharma/.m2/repository/io/micrometer/micrometer-observation/1.14.2/micrometer-observation-1.14.2.jar:/home/sarvatra.in/tushar.sharma/.m2/repository/io/micrometer/micrometer-commons/1.14.2/micrometer-commons-1.14.2.jar:/home/sarvatra.in/tushar.sharma/.m2/repository/org/springframework/spring-webmvc/6.2.1/spring-webmvc-6.2.1.jar:/home/sarvatra.in/tushar.sharma/.m2/repository/org/springframework/spring-aop/6.2.1/spring-aop-6.2.1.jar:/home/sarvatra.in/tushar.sharma/.m2/repository/org/springframework/spring-context/6.2.1/spring-context-6.2.1.jar:/home/sarvatra.in/tushar.sharma/.m2/repository/org/springframework/spring-expression/6.2.1/spring-expression-6.2.1.jar:/home/sarvatra.in/tushar.sharma/.m2/repository/org/projectlombok/lombok/1.18.36/lombok-1.18.36.jar:/home/sarvatra.in/tushar.sharma/.m2/repository/org/springframework/boot/spring-boot-starter-test/3.4.1/spring-boot-starter-test-3.4.1.jar:/home/sarvatra.in/tushar.sharma/.m2/repository/org/springframework/boot/spring-boot-test/3.4.1/spring-boot-test-3.4.1.jar:/home/sarvatra.in/tushar.sharma/.m2/repository/org/springframework/boot/spring-boot-test-autoconfigure/3.4.1/spring-boot-test-autoconfigure-3.4.1.jar:/home/sarvatra.in/tushar.sharma/.m2/repository/com/jayway/jsonpath/json-path/2.9.0/json-path-2.9.0.jar:/home/sarvatra.in/tushar.sharma/.m2/repository/org/slf4j/slf4j-api/2.0.16/slf4j-api-2.0.16.jar:/home/sarvatra.in/tushar.sharma/.m2/repository/jakarta/xml/bind/jakarta.xml.bind-api/4.0.2/jakarta.xml.bind-api-4.0.2.jar:/home/sarvatra.in/tushar.sharma/.m2/repository/jakarta/activation/jakarta.activation-api/2.1.3/jakarta.activation-api-2.1.3.jar:/home/sarvatra.in/tushar.sharma/.m2/repository/net/minidev/json-smart/2.5.1/json-smart-2.5.1.jar:/home/sarvatra.in/tushar.sharma/.m2/repository/net/minidev/accessors-smart/2.5.1/accessors-smart-2.5.1.jar:/home/sarvatra.in/tushar.sharma/.m2/repository/org/ow2/asm/asm/9.6/asm-9.6.jar:/home/sarvatra.in/tushar.sharma/.m2/repository/org/assertj/assertj-core/3.26.3/assertj-core-3.26.3.jar:/home/sarvatra.in/tushar.sharma/.m2/repository/net/bytebuddy/byte-buddy/1.15.11/byte-buddy-1.15.11.jar:/home/sarvatra.in/tushar.sharma/.m2/repository/org/awaitility/awaitility/4.2.2/awaitility-4.2.2.jar:/home/sarvatra.in/tushar.sharma/.m2/repository/org/hamcrest/hamcrest/2.2/hamcrest-2.2.jar:/home/sarvatra.in/tushar.sharma/.m2/repository/org/junit/jupiter/junit-jupiter/5.11.4/junit-jupiter-5.11.4.jar:/home/sarvatra.in/tushar.sharma/.m2/repository/org/junit/jupiter/junit-jupiter-api/5.11.4/junit-jupiter-api-5.11.4.jar:/home/sarvatra.in/tushar.sharma/.m2/repository/org/opentest4j/opentest4j/1.3.0/opentest4j-1.3.0.jar:/home/sarvatra.in/tushar.sharma/.m2/repository/org/junit/platform/junit-platform-commons/1.11.4/junit-platform-commons-1.11.4.jar:/home/sarvatra.in/tushar.sharma/.m2/repository/org/apiguardian/apiguardian-api/1.1.2/apiguardian-api-1.1.2.jar:/home/sarvatra.in/tushar.sharma/.m2/repository/org/junit/jupiter/junit-jupiter-params/5.11.4/junit-jupiter-params-5.11.4.jar:/home/sarvatra.in/tushar.sharma/.m2/repository/org/junit/jupiter/junit-jupiter-engine/5.11.4/junit-jupiter-engine-5.11.4.jar:/home/sarvatra.in/tushar.sharma/.m2/repository/org/junit/platform/junit-platform-engine/1.11.4/junit-platform-engine-1.11.4.jar:/home/sarvatra.in/tushar.sharma/.m2/repository/org/mockito/mockito-core/5.14.2/mockito-core-5.14.2.jar:/home/sarvatra.in/tushar.sharma/.m2/repository/net/bytebuddy/byte-buddy-agent/1.15.11/byte-buddy-agent-1.15.11.jar:/home/sarvatra.in/tushar.sharma/.m2/repository/org/objenesis/objenesis/3.3/objenesis-3.3.jar:/home/sarvatra.in/tushar.sharma/.m2/repository/org/mockito/mockito-junit-jupiter/5.14.2/mockito-junit-jupiter-5.14.2.jar:/home/sarvatra.in/tushar.sharma/.m2/repository/org/skyscreamer/jsonassert/1.5.3/jsonassert-1.5.3.jar:/home/sarvatra.in/tushar.sharma/.m2/repository/com/vaadin/external/google/android-json/0.0.20131108.vaadin1/android-json-0.0.20131108.vaadin1.jar:/home/sarvatra.in/tushar.sharma/.m2/repository/org/springframework/spring-core/6.2.1/spring-core-6.2.1.jar:/home/sarvatra.in/tushar.sharma/.m2/repository/org/springframework/spring-jcl/6.2.1/spring-jcl-6.2.1.jar:/home/sarvatra.in/tushar.sharma/.m2/repository/org/springframework/spring-test/6.2.1/spring-test-6.2.1.jar:/home/sarvatra.in/tushar.sharma/.m2/repository/org/xmlunit/xmlunit-core/2.10.0/xmlunit-core-2.10.0.jar:/home/sarvatra.in/tushar.sharma/.m2/repository/org/springframework/boot/spring-boot-starter-webflux/3.4.1/spring-boot-starter-webflux-3.4.1.jar:/home/sarvatra.in/tushar.sharma/.m2/repository/org/springframework/boot/spring-boot-starter-reactor-netty/3.4.1/spring-boot-starter-reactor-netty-3.4.1.jar:/home/sarvatra.in/tushar.sharma/.m2/repository/io/projectreactor/netty/reactor-netty-http/1.2.1/reactor-netty-http-1.2.1.jar:/home/sarvatra.in/tushar.sharma/.m2/repository/io/netty/netty-codec-http/4.1.116.Final/netty-codec-http-4.1.116.Final.jar:/home/sarvatra.in/tushar.sharma/.m2/repository/io/netty/netty-common/4.1.116.Final/netty-common-4.1.116.Final.jar:/home/sarvatra.in/tushar.sharma/.m2/repository/io/netty/netty-buffer/4.1.116.Final/netty-buffer-4.1.116.Final.jar:/home/sarvatra.in/tushar.sharma/.m2/repository/io/netty/netty-transport/4.1.116.Final/netty-transport-4.1.116.Final.jar:/home/sarvatra.in/tushar.sharma/.m2/repository/io/netty/netty-codec/4.1.116.Final/netty-codec-4.1.116.Final.jar:/home/sarvatra.in/tushar.sharma/.m2/repository/io/netty/netty-handler/4.1.116.Final/netty-handler-4.1.116.Final.jar:/home/sarvatra.in/tushar.sharma/.m2/repository/io/netty/netty-codec-http2/4.1.116.Final/netty-codec-http2-4.1.116.Final.jar:/home/sarvatra.in/tushar.sharma/.m2/repository/io/netty/netty-resolver-dns/4.1.116.Final/netty-resolver-dns-4.1.116.Final.jar:/home/sarvatra.in/tushar.sharma/.m2/repository/io/netty/netty-resolver/4.1.116.Final/netty-resolver-4.1.116.Final.jar:/home/sarvatra.in/tushar.sharma/.m2/repository/io/netty/netty-codec-dns/4.1.116.Final/netty-codec-dns-4.1.116.Final.jar:/home/sarvatra.in/tushar.sharma/.m2/repository/io/netty/netty-resolver-dns-native-macos/4.1.116.Final/netty-resolver-dns-native-macos-4.1.116.Final-osx-x86_64.jar:/home/sarvatra.in/tushar.sharma/.m2/repository/io/netty/netty-resolver-dns-classes-macos/4.1.116.Final/netty-resolver-dns-classes-macos-4.1.116.Final.jar:/home/sarvatra.in/tushar.sharma/.m2/repository/io/netty/netty-transport-native-epoll/4.1.116.Final/netty-transport-native-epoll-4.1.116.Final-linux-x86_64.jar:/home/sarvatra.in/tushar.sharma/.m2/repository/io/netty/netty-transport-native-unix-common/4.1.116.Final/netty-transport-native-unix-common-4.1.116.Final.jar:/home/sarvatra.in/tushar.sharma/.m2/repository/io/netty/netty-transport-classes-epoll/4.1.116.Final/netty-transport-classes-epoll-4.1.116.Final.jar:/home/sarvatra.in/tushar.sharma/.m2/repository/io/projectreactor/netty/reactor-netty-core/1.2.1/reactor-netty-core-1.2.1.jar:/home/sarvatra.in/tushar.sharma/.m2/repository/io/netty/netty-handler-proxy/4.1.116.Final/netty-handler-proxy-4.1.116.Final.jar:/home/sarvatra.in/tushar.sharma/.m2/repository/io/netty/netty-codec-socks/4.1.116.Final/netty-codec-socks-4.1.116.Final.jar:/home/sarvatra.in/tushar.sharma/.m2/repository/org/springframework/spring-webflux/6.2.1/spring-webflux-6.2.1.jar:/home/sarvatra.in/tushar.sharma/.m2/repository/io/projectreactor/reactor-test/3.7.1/reactor-test-3.7.1.jar:/home/sarvatra.in/tushar.sharma/.m2/repository/io/projectreactor/reactor-core/3.7.1/reactor-core-3.7.1.jar:/home/sarvatra.in/tushar.sharma/.m2/repository/org/reactivestreams/reactive-streams/1.0.4/reactive-streams-1.0.4.jar:"/>
    <property name="sun.cpu.endian" value="little"/>
    <property name="user.home" value="/home/sarvatra.in/tushar.sharma"/>
    <property name="user.language" value="en"/>
    <property name="java.specification.vendor" value="Oracle Corporation"/>
    <property name="java.version.date" value="2024-07-16"/>
    <property name="java.home" value="/home/sarvatra.in/tushar.sharma/.sdkman/candidates/java/22.0.2-oracle"/>
    <property name="file.separator" value="/"/>
    <property name="basedir" value="/home/sarvatra.in/tushar.sharma/Downloads/projects/ai-email-writer/ai-email-writer-sb"/>
    <property name="java.vm.compressedOopsMode" value="Zero based"/>
    <property name="line.separator" value="&#10;"/>
    <property name="java.vm.specification.vendor" value="Oracle Corporation"/>
    <property name="java.specification.name" value="Java Platform API Specification"/>
    <property name="FILE_LOG_CHARSET" value="UTF-8"/>
    <property name="java.awt.headless" value="true"/>
    <property name="surefire.real.class.path" value="/home/sarvatra.in/tushar.sharma/Downloads/projects/ai-email-writer/ai-email-writer-sb/target/surefire/surefirebooter-20250404153853825_3.jar"/>
    <property name="sun.management.compiler" value="HotSpot 64-Bit Tiered Compilers"/>
    <property name="java.runtime.version" value="22.0.2+9-70"/>
    <property name="user.name" value="tushar.sharma@sarvatra.in"/>
    <property name="stdout.encoding" value="UTF-8"/>
    <property name="path.separator" value=":"/>
    <property name="os.version" value="6.8.0-52-generic"/>
    <property name="java.runtime.name" value="Java(TM) SE Runtime Environment"/>
    <property name="file.encoding" value="UTF-8"/>
    <property name="java.vm.name" value="Java HotSpot(TM) 64-Bit Server VM"/>
    <property name="localRepository" value="/home/sarvatra.in/tushar.sharma/.m2/repository"/>
    <property name="java.vendor.url.bug" value="https://bugreport.java.com/bugreport/"/>
    <property name="java.io.tmpdir" value="/tmp"/>
    <property name="java.version" value="22.0.2"/>
    <property name="user.dir" value="/home/sarvatra.in/tushar.sharma/Downloads/projects/ai-email-writer/ai-email-writer-sb"/>
    <property name="os.arch" value="amd64"/>
    <property name="java.vm.specification.name" value="Java Virtual Machine Specification"/>
    <property name="PID" value="252866"/>
    <property name="CONSOLE_LOG_CHARSET" value="UTF-8"/>
    <property name="native.encoding" value="UTF-8"/>
    <property name="java.library.path" value="/usr/java/packages/lib:/usr/lib64:/lib64:/lib:/usr/lib"/>
    <property name="java.vm.info" value="mixed mode, sharing"/>
    <property name="stderr.encoding" value="UTF-8"/>
    <property name="java.vendor" value="Oracle Corporation"/>
    <property name="java.vm.version" value="22.0.2+9-70"/>
    <property name="sun.io.unicode.encoding" value="UnicodeLittle"/>
    <property name="java.class.version" value="66.0"/>
    <property name="LOGGED_APPLICATION_NAME" value="[email-writer-sb] "/>
  </properties>
  <testcase name="contextLoads" classname="com.email.writer.EmailWriterSbApplicationTests" time="0.468">
    <system-out><![CDATA[15:38:54.258 [main] INFO org.springframework.test.context.support.AnnotationConfigContextLoaderUtils -- Could not detect default configuration classes for test class [com.email.writer.EmailWriterSbApplicationTests]: EmailWriterSbApplicationTests does not declare any static, non-private, non-final, nested classes annotated with @Configuration.
15:38:54.313 [main] INFO org.springframework.boot.test.context.SpringBootTestContextBootstrapper -- Found @SpringBootConfiguration com.email.writer.EmailWriterSbApplication for test class com.email.writer.EmailWriterSbApplicationTests

  .   ____          _            __ _ _
 /\\ / ___'_ __ _ _(_)_ __  __ _ \ \ \ \
( ( )\___ | '_ | '_| | '_ \/ _` | \ \ \ \
 \\/  ___)| |_)| | | | | || (_| |  ) ) ) )
  '  |____| .__|_| |_|_| |_\__, | / / / /
 =========|_|==============|___/=/_/_/_/

 :: Spring Boot ::                (v3.4.1)

2025-04-04T15:38:54.665+05:30  INFO 252866 --- [email-writer-sb] [           main] c.e.w.EmailWriterSbApplicationTests      : Starting EmailWriterSbApplicationTests using Java 22.0.2 with PID 252866 (started by tushar.sharma@sarvatra.in in /home/sarvatra.in/tushar.sharma/Downloads/projects/ai-email-writer/ai-email-writer-sb)
2025-04-04T15:38:54.667+05:30  INFO 252866 --- [email-writer-sb] [           main] c.e.w.EmailWriterSbApplicationTests      : No active profile set, falling back to 1 default profile: "default"
2025-04-04T15:38:55.843+05:30  INFO 252866 --- [email-writer-sb] [           main] c.e.w.EmailWriterSbApplicationTests      : Started EmailWriterSbApplicationTests in 1.454 seconds (process running for 1.965)
]]></system-out>
    <system-err><![CDATA[Mockito is currently self-attaching to enable the inline-mock-maker. This will no longer work in future releases of the JDK. Please add Mockito as an agent to your build what is described in Mockito's documentation: https://javadoc.io/doc/org.mockito/mockito-core/latest/org/mockito/Mockito.html#0.3
WARNING: A Java agent has been loaded dynamically (/home/sarvatra.in/tushar.sharma/.m2/repository/net/bytebuddy/byte-buddy-agent/1.15.11/byte-buddy-agent-1.15.11.jar)
WARNING: If a serviceability tool is in use, please run with -XX:+EnableDynamicAgentLoading to hide this warning
WARNING: If a serviceability tool is not in use, please run with -Djdk.instrument.traceUsage for more information
WARNING: Dynamic loading of agents will be disallowed by default in a future release
]]></system-err>
  </testcase>
</testsuite>